#
# There is insufficient memory for the Java Runtime Environment to continue.
# Native memory allocation (malloc) failed to allocate 98416 bytes for Chunk::new
# Possible reasons:
#   The system is out of physical RAM or swap space
#   In 32 bit mode, the process size limit was hit
# Possible solutions:
#   Reduce memory load on the system
#   Increase physical memory or swap space
#   Check if swap backing store is full
#   Use 64 bit Java on a 64 bit OS
#   Decrease Java heap size (-Xmx/-Xms)
#   Decrease number of Java threads
#   Decrease Java thread stack sizes (-Xss)
#   Set larger code cache with -XX:ReservedCodeCacheSize=
# This output file may be truncated or incomplete.
#
#  Out of Memory Error (allocation.cpp:390), pid=17976, tid=0x0000000000002a54
#
# JRE version: Java(TM) SE Runtime Environment (8.0_101-b13) (build 1.8.0_101-b13)
# Java VM: Java HotSpot(TM) 64-Bit Server VM (25.101-b13 mixed mode windows-amd64 compressed oops)
# Failed to write core dump. Minidumps are not enabled by default on client versions of Windows
#

---------------  T H R E A D  ---------------

Current thread (0x00000000176ff800):  JavaThread "C2 CompilerThread0" daemon [_thread_in_native, id=10836, stack(0x00000000187b0000,0x00000000188b0000)]

Stack: [0x00000000187b0000,0x00000000188b0000]
[error occurred during error reporting (printing stack bounds), id 0xc0000005]

Native frames: (J=compiled Java code, j=interpreted, Vv=VM code, C=native code)


Current CompileTask:
C2:1120546 6035  s    4       org.h2.mvstore.MVMap::put (66 bytes)


---------------  P R O C E S S  ---------------

Java Threads: ( => current thread )
  0x000000001bfa4800 JavaThread "DestroyJavaVM" [_thread_blocked, id=15248, stack(0x0000000002800000,0x0000000002900000)]
  0x000000001bfa4000 JavaThread "http-nio-8080-AsyncTimeout" daemon [_thread_blocked, id=8828, stack(0x0000000021490000,0x0000000021590000)]
  0x000000001bfa3000 JavaThread "http-nio-8080-Acceptor-0" daemon [_thread_in_native, id=13252, stack(0x000000001f150000,0x000000001f250000)]
  0x0000000019036800 JavaThread "http-nio-8080-ClientPoller-1" daemon [_thread_in_native, id=12152, stack(0x00000000212e0000,0x00000000213e0000)]
  0x0000000019035800 JavaThread "http-nio-8080-ClientPoller-0" daemon [_thread_in_native, id=9524, stack(0x00000000202b0000,0x00000000203b0000)]
  0x0000000019035000 JavaThread "http-nio-8080-exec-10" daemon [_thread_blocked, id=18056, stack(0x00000000210a0000,0x00000000211a0000)]
  0x0000000019034000 JavaThread "http-nio-8080-exec-9" daemon [_thread_blocked, id=12628, stack(0x0000000020f40000,0x0000000021040000)]
  0x0000000019033800 JavaThread "http-nio-8080-exec-8" daemon [_thread_blocked, id=16976, stack(0x0000000020cd0000,0x0000000020dd0000)]
  0x000000001aeb0800 JavaThread "http-nio-8080-exec-7" daemon [_thread_blocked, id=13880, stack(0x00000000209d0000,0x0000000020ad0000)]
  0x000000001aeaf800 JavaThread "http-nio-8080-exec-6" daemon [_thread_blocked, id=16772, stack(0x0000000020b20000,0x0000000020c20000)]
  0x000000001aeaf000 JavaThread "http-nio-8080-exec-5" daemon [_thread_blocked, id=14732, stack(0x0000000020870000,0x0000000020970000)]
  0x000000001aeae000 JavaThread "http-nio-8080-exec-4" daemon [_thread_blocked, id=8788, stack(0x0000000020070000,0x0000000020170000)]
  0x000000001aead800 JavaThread "http-nio-8080-exec-3" daemon [_thread_blocked, id=17444, stack(0x0000000020710000,0x0000000020810000)]
  0x000000001aeac800 JavaThread "http-nio-8080-exec-2" daemon [_thread_blocked, id=16360, stack(0x0000000020540000,0x0000000020640000)]
  0x000000001aeac000 JavaThread "http-nio-8080-exec-1" daemon [_thread_blocked, id=4604, stack(0x00000000203b0000,0x00000000204b0000)]
  0x000000001aeab000 JavaThread "NioBlockingSelector.BlockPoller-1" daemon [_thread_in_native, id=17260, stack(0x00000000201a0000,0x00000000202a0000)]
  0x000000001aeaa800 JavaThread "HikariPool-1 housekeeper" daemon [_thread_blocked, id=12452, stack(0x000000001ee50000,0x000000001ef50000)]
  0x000000001aea9800 JavaThread "MVStore background writer nio:C:/Users/z1146/social-multiplication.mv.db" daemon [_thread_blocked, id=13140, stack(0x000000001ecf0000,0x000000001edf0000)]
  0x000000001a8c6000 JavaThread "container-0" [_thread_blocked, id=17224, stack(0x0000000019910000,0x0000000019a10000)]
  0x0000000019545000 JavaThread "ContainerBackgroundProcessor[StandardEngine[Tomcat]]" daemon [_thread_blocked, id=13552, stack(0x0000000019f00000,0x000000001a000000)]
  0x0000000018a40800 JavaThread "Service Thread" daemon [_thread_blocked, id=15464, stack(0x00000000184e0000,0x00000000185e0000)]
  0x0000000017707000 JavaThread "C1 CompilerThread1" daemon [_thread_blocked, id=5692, stack(0x0000000018930000,0x0000000018a30000)]
=>0x00000000176ff800 JavaThread "C2 CompilerThread0" daemon [_thread_in_native, id=10836, stack(0x00000000187b0000,0x00000000188b0000)]
  0x00000000176fd000 JavaThread "Attach Listener" daemon [_thread_blocked, id=9976, stack(0x00000000185f0000,0x00000000186f0000)]
  0x00000000176fb800 JavaThread "Signal Dispatcher" daemon [_thread_blocked, id=724, stack(0x00000000183e0000,0x00000000184e0000)]
  0x00000000176e1800 JavaThread "Finalizer" daemon [_thread_blocked, id=18032, stack(0x0000000018280000,0x0000000018380000)]
  0x000000001769a800 JavaThread "Reference Handler" daemon [_thread_blocked, id=11308, stack(0x0000000018160000,0x0000000018260000)]

Other Threads:
  0x0000000017690800 VMThread [stack: 0x0000000017f60000,0x0000000018060000] [id=7900]
  0x0000000018a5e000 WatcherThread [stack: 0x0000000018e50000,0x0000000018f50000] [id=10264]

VM state:not at safepoint (normal execution)

VM Mutex/Monitor currently owned by a thread: None

Heap:
 PSYoungGen      total 203776K, used 161340K [0x00000000d5580000, 0x00000000e3200000, 0x0000000100000000)
  eden space 184832K, 86% used [0x00000000d5580000,0x00000000df221490,0x00000000e0a00000)
  from space 18944K, 5% used [0x00000000e1d00000,0x00000000e1dedbb8,0x00000000e2f80000)
  to   space 19456K, 0% used [0x00000000e0a00000,0x00000000e0a00000,0x00000000e1d00000)
 ParOldGen       total 127488K, used 27593K [0x0000000080000000, 0x0000000087c80000, 0x00000000d5580000)
  object space 127488K, 21% used [0x0000000080000000,0x0000000081af25d8,0x0000000087c80000)
 Metaspace       used 58449K, capacity 60800K, committed 61144K, reserved 1101824K
  class space    used 7657K, capacity 8067K, committed 8192K, reserved 1048576K

Card table byte_map: [0x0000000011f90000,0x00000000123a0000] byte_map_base: 0x0000000011b90000

Marking Bits: (ParMarkBitMap*) 0x000000005300a6d0
 Begin Bits: [0x0000000012960000, 0x0000000014960000)
 End Bits:   [0x0000000014960000, 0x0000000016960000)

Polling page: 0x0000000002180000

CodeCache: size=245760Kb used=16413Kb max_used=16425Kb free=229346Kb
 bounds [0x0000000002bd0000, 0x0000000003c00000, 0x0000000011bd0000]
 total_blobs=5698 nmethods=5155 adapters=454
 compilation: enabled

Compilation events (10 events):
Event: 1057.948 Thread 0x00000000176ff800 nmethod 6030 0x0000000003bacd50 code [0x0000000003bacf40, 0x0000000003bad7f0]
Event: 1060.980 Thread 0x00000000176ff800 6031       4       sun.nio.ch.Util::offerFirstTemporaryDirectBuffer (41 bytes)
Event: 1060.991 Thread 0x00000000176ff800 nmethod 6031 0x0000000003be6d90 code [0x0000000003be6f40, 0x0000000003be75f0]
Event: 1083.106 Thread 0x00000000176ff800 6032       4       org.h2.mvstore.Chunk::asString (223 bytes)
Event: 1083.127 Thread 0x00000000176ff800 nmethod 6032 0x0000000003be4910 code [0x0000000003be4be0, 0x0000000003be5eb8]
Event: 1105.540 Thread 0x0000000017707000 6033       3       org.h2.value.ValueString::getMemory (13 bytes)
Event: 1105.541 Thread 0x0000000017707000 nmethod 6033 0x0000000003bac0d0 code [0x0000000003bac240, 0x0000000003bac490]
Event: 1117.512 Thread 0x0000000017707000 6034   !   3       org.apache.catalina.core.ContainerBase::findChildren (42 bytes)
Event: 1117.513 Thread 0x0000000017707000 nmethod 6034 0x0000000003bd7290 code [0x0000000003bd7420, 0x0000000003bd7ab8]
Event: 1120.534 Thread 0x00000000176ff800 6035  s    4       org.h2.mvstore.MVMap::put (66 bytes)

GC Heap History (10 events):
Event: 11.144 GC heap before
{Heap before GC invocations=11 (full 2):
 PSYoungGen      total 128000K, used 112640K [0x00000000d5580000, 0x00000000de800000, 0x0000000100000000)
  eden space 112640K, 100% used [0x00000000d5580000,0x00000000dc380000,0x00000000dc380000)
  from space 15360K, 0% used [0x00000000dd300000,0x00000000dd300000,0x00000000de200000)
  to   space 15872K, 0% used [0x00000000dc380000,0x00000000dc380000,0x00000000dd300000)
 ParOldGen       total 97280K, used 17671K [0x0000000080000000, 0x0000000085f00000, 0x00000000d5580000)
  object space 97280K, 18% used [0x0000000080000000,0x0000000081141e20,0x0000000085f00000)
 Metaspace       used 46650K, capacity 48080K, committed 48512K, reserved 1091584K
  class space    used 6197K, capacity 6497K, committed 6528K, reserved 1048576K
Event: 11.167 GC heap after
Heap after GC invocations=11 (full 2):
 PSYoungGen      total 128512K, used 13914K [0x00000000d5580000, 0x00000000e0500000, 0x0000000100000000)
  eden space 112640K, 0% used [0x00000000d5580000,0x00000000d5580000,0x00000000dc380000)
  from space 15872K, 87% used [0x00000000dc380000,0x00000000dd116b08,0x00000000dd300000)
  to   space 17408K, 0% used [0x00000000df400000,0x00000000df400000,0x00000000e0500000)
 ParOldGen       total 97280K, used 17679K [0x0000000080000000, 0x0000000085f00000, 0x00000000d5580000)
  object space 97280K, 18% used [0x0000000080000000,0x0000000081143e20,0x0000000085f00000)
 Metaspace       used 46650K, capacity 48080K, committed 48512K, reserved 1091584K
  class space    used 6197K, capacity 6497K, committed 6528K, reserved 1048576K
}
Event: 13.497 GC heap before
{Heap before GC invocations=12 (full 2):
 PSYoungGen      total 128512K, used 126554K [0x00000000d5580000, 0x00000000e0500000, 0x0000000100000000)
  eden space 112640K, 100% used [0x00000000d5580000,0x00000000dc380000,0x00000000dc380000)
  from space 15872K, 87% used [0x00000000dc380000,0x00000000dd116b08,0x00000000dd300000)
  to   space 17408K, 0% used [0x00000000df400000,0x00000000df400000,0x00000000e0500000)
 ParOldGen       total 97280K, used 17679K [0x0000000080000000, 0x0000000085f00000, 0x00000000d5580000)
  object space 97280K, 18% used [0x0000000080000000,0x0000000081143e20,0x0000000085f00000)
 Metaspace       used 51800K, capacity 53768K, committed 53888K, reserved 1095680K
  class space    used 6903K, capacity 7271K, committed 7296K, reserved 1048576K
Event: 13.592 GC heap after
Heap after GC invocations=12 (full 2):
 PSYoungGen      total 161792K, used 12983K [0x00000000d5580000, 0x00000000e0a00000, 0x0000000100000000)
  eden space 144384K, 0% used [0x00000000d5580000,0x00000000d5580000,0x00000000de280000)
  from space 17408K, 74% used [0x00000000df400000,0x00000000e00adfd0,0x00000000e0500000)
  to   space 17920K, 0% used [0x00000000de280000,0x00000000de280000,0x00000000df400000)
 ParOldGen       total 97280K, used 17679K [0x0000000080000000, 0x0000000085f00000, 0x00000000d5580000)
  object space 97280K, 18% used [0x0000000080000000,0x0000000081143e20,0x0000000085f00000)
 Metaspace       used 51800K, capacity 53768K, committed 53888K, reserved 1095680K
  class space    used 6903K, capacity 7271K, committed 7296K, reserved 1048576K
}
Event: 158.008 GC heap before
{Heap before GC invocations=13 (full 2):
 PSYoungGen      total 161792K, used 107667K [0x00000000d5580000, 0x00000000e0a00000, 0x0000000100000000)
  eden space 144384K, 65% used [0x00000000d5580000,0x00000000db1f6ff0,0x00000000de280000)
  from space 17408K, 74% used [0x00000000df400000,0x00000000e00adfd0,0x00000000e0500000)
  to   space 17920K, 0% used [0x00000000de280000,0x00000000de280000,0x00000000df400000)
 ParOldGen       total 97280K, used 17679K [0x0000000080000000, 0x0000000085f00000, 0x00000000d5580000)
  object space 97280K, 18% used [0x0000000080000000,0x0000000081143e20,0x0000000085f00000)
 Metaspace       used 56812K, capacity 58992K, committed 59096K, reserved 1099776K
  class space    used 7529K, capacity 7913K, committed 7936K, reserved 1048576K
Event: 158.054 GC heap after
Heap after GC invocations=13 (full 2):
 PSYoungGen      total 162304K, used 14298K [0x00000000d5580000, 0x00000000e2f80000, 0x0000000100000000)
  eden space 144384K, 0% used [0x00000000d5580000,0x00000000d5580000,0x00000000de280000)
  from space 17920K, 79% used [0x00000000de280000,0x00000000df076850,0x00000000df400000)
  to   space 18944K, 0% used [0x00000000e1d00000,0x00000000e1d00000,0x00000000e2f80000)
 ParOldGen       total 97280K, used 17679K [0x0000000080000000, 0x0000000085f00000, 0x00000000d5580000)
  object space 97280K, 18% used [0x0000000080000000,0x0000000081143e20,0x0000000085f00000)
 Metaspace       used 56812K, capacity 58992K, committed 59096K, reserved 1099776K
  class space    used 7529K, capacity 7913K, committed 7936K, reserved 1048576K
}
Event: 158.054 GC heap before
{Heap before GC invocations=14 (full 3):
 PSYoungGen      total 162304K, used 14298K [0x00000000d5580000, 0x00000000e2f80000, 0x0000000100000000)
  eden space 144384K, 0% used [0x00000000d5580000,0x00000000d5580000,0x00000000de280000)
  from space 17920K, 79% used [0x00000000de280000,0x00000000df076850,0x00000000df400000)
  to   space 18944K, 0% used [0x00000000e1d00000,0x00000000e1d00000,0x00000000e2f80000)
 ParOldGen       total 97280K, used 17679K [0x0000000080000000, 0x0000000085f00000, 0x00000000d5580000)
  object space 97280K, 18% used [0x0000000080000000,0x0000000081143e20,0x0000000085f00000)
 Metaspace       used 56812K, capacity 58992K, committed 59096K, reserved 1099776K
  class space    used 7529K, capacity 7913K, committed 7936K, reserved 1048576K
Event: 158.244 GC heap after
Heap after GC invocations=14 (full 3):
 PSYoungGen      total 162304K, used 0K [0x00000000d5580000, 0x00000000e2f80000, 0x0000000100000000)
  eden space 144384K, 0% used [0x00000000d5580000,0x00000000d5580000,0x00000000de280000)
  from space 17920K, 0% used [0x00000000de280000,0x00000000de280000,0x00000000df400000)
  to   space 18944K, 0% used [0x00000000e1d00000,0x00000000e1d00000,0x00000000e2f80000)
 ParOldGen       total 127488K, used 27585K [0x0000000080000000, 0x0000000087c80000, 0x00000000d5580000)
  object space 127488K, 21% used [0x0000000080000000,0x0000000081af05d8,0x0000000087c80000)
 Metaspace       used 56811K, capacity 58986K, committed 59096K, reserved 1099776K
  class space    used 7528K, capacity 7912K, committed 7936K, reserved 1048576K
}
Event: 532.355 GC heap before
{Heap before GC invocations=15 (full 3):
 PSYoungGen      total 162304K, used 144384K [0x00000000d5580000, 0x00000000e2f80000, 0x0000000100000000)
  eden space 144384K, 100% used [0x00000000d5580000,0x00000000de280000,0x00000000de280000)
  from space 17920K, 0% used [0x00000000de280000,0x00000000de280000,0x00000000df400000)
  to   space 18944K, 0% used [0x00000000e1d00000,0x00000000e1d00000,0x00000000e2f80000)
 ParOldGen       total 127488K, used 27585K [0x0000000080000000, 0x0000000087c80000, 0x00000000d5580000)
  object space 127488K, 21% used [0x0000000080000000,0x0000000081af05d8,0x0000000087c80000)
 Metaspace       used 57554K, capacity 59782K, committed 59992K, reserved 1101824K
  class space    used 7617K, capacity 8020K, committed 8064K, reserved 1048576K
Event: 532.361 GC heap after
Heap after GC invocations=15 (full 3):
 PSYoungGen      total 203776K, used 950K [0x00000000d5580000, 0x00000000e3200000, 0x0000000100000000)
  eden space 184832K, 0% used [0x00000000d5580000,0x00000000d5580000,0x00000000e0a00000)
  from space 18944K, 5% used [0x00000000e1d00000,0x00000000e1dedbb8,0x00000000e2f80000)
  to   space 19456K, 0% used [0x00000000e0a00000,0x00000000e0a00000,0x00000000e1d00000)
 ParOldGen       total 127488K, used 27593K [0x0000000080000000, 0x0000000087c80000, 0x00000000d5580000)
  object space 127488K, 21% used [0x0000000080000000,0x0000000081af25d8,0x0000000087c80000)
 Metaspace       used 57554K, capacity 59782K, committed 59992K, reserved 1101824K
  class space    used 7617K, capacity 8020K, committed 8064K, reserved 1048576K
}

Deoptimization events (10 events):
Event: 775.154 Thread 0x0000000019033800 Uncommon trap: reason=speculate_class_check action=maybe_recompile pc=0x0000000003a6bf94 method=java.nio.charset.CharsetDecoder.reset()Ljava/nio/charset/CharsetDecoder; @ 1
Event: 775.157 Thread 0x000000001aead800 Uncommon trap: reason=speculate_class_check action=maybe_recompile pc=0x0000000003a6bf94 method=java.nio.charset.CharsetDecoder.reset()Ljava/nio/charset/CharsetDecoder; @ 1
Event: 775.172 Thread 0x000000001aeae000 Uncommon trap: reason=speculate_class_check action=maybe_recompile pc=0x0000000003a6bf94 method=java.nio.charset.CharsetDecoder.reset()Ljava/nio/charset/CharsetDecoder; @ 1
Event: 775.304 Thread 0x0000000019035000 Uncommon trap: reason=class_check action=maybe_recompile pc=0x00000000036efaa0 method=org.h2.value.Value.convertTo(I)Lorg/h2/value/Value; @ 743
Event: 775.306 Thread 0x0000000019035000 Uncommon trap: reason=class_check action=maybe_recompile pc=0x00000000036efaa0 method=org.h2.value.Value.convertTo(I)Lorg/h2/value/Value; @ 743
Event: 775.312 Thread 0x0000000019035000 Uncommon trap: reason=speculate_class_check action=maybe_recompile pc=0x0000000003a6bf94 method=java.nio.charset.CharsetDecoder.reset()Ljava/nio/charset/CharsetDecoder; @ 1
Event: 805.902 Thread 0x000000001aeae000 Uncommon trap: reason=speculate_class_check action=maybe_recompile pc=0x0000000003b67240 method=java.lang.StringCoding.decode(Ljava/nio/charset/Charset;[BII)[C @ 91
Event: 827.574 Thread 0x000000001aead800 Uncommon trap: reason=speculate_class_check action=maybe_recompile pc=0x0000000003b67240 method=java.lang.StringCoding.decode(Ljava/nio/charset/Charset;[BII)[C @ 91
Event: 839.126 Thread 0x000000001aeae000 Uncommon trap: reason=speculate_class_check action=maybe_recompile pc=0x0000000003b67240 method=java.lang.StringCoding.decode(Ljava/nio/charset/Charset;[BII)[C @ 91
Event: 932.643 Thread 0x000000001aea9800 Uncommon trap: reason=unstable_if action=reinterpret pc=0x00000000039d3c04 method=org.h2.mvstore.cache.CacheLongKeyLIRS$Segment.get(JI)Ljava/lang/Object; @ 90

Internal exceptions (10 events):
Event: 276.299 Thread 0x000000001aeaf000 Implicit null exception at 0x000000000314d68c to 0x000000000314e824
Event: 276.299 Thread 0x000000001aeaf000 Exception <a 'java/lang/NullPointerException'> (0x00000000d5c3a1a0) thrown at [C:\re\workspace\8-2-build-windows-amd64-cygwin\jdk8u101\7261\hotspot\src\share\vm\runtime\sharedRuntime.cpp, line 605]
Event: 545.890 Thread 0x000000001aeae000 Implicit null exception at 0x000000000314d68c to 0x000000000314e824
Event: 545.890 Thread 0x000000001aeae000 Exception <a 'java/lang/NullPointerException'> (0x00000000d5db67a0) thrown at [C:\re\workspace\8-2-build-windows-amd64-cygwin\jdk8u101\7261\hotspot\src\share\vm\runtime\sharedRuntime.cpp, line 605]
Event: 558.083 Thread 0x000000001aeaf000 Implicit null exception at 0x000000000314d68c to 0x000000000314e824
Event: 558.083 Thread 0x000000001aeaf000 Exception <a 'java/lang/NullPointerException'> (0x00000000d6389190) thrown at [C:\re\workspace\8-2-build-windows-amd64-cygwin\jdk8u101\7261\hotspot\src\share\vm\runtime\sharedRuntime.cpp, line 605]
Event: 578.545 Thread 0x000000001aeae000 Implicit null exception at 0x000000000314d68c to 0x000000000314e824
Event: 578.545 Thread 0x000000001aeae000 Exception <a 'java/lang/NullPointerException'> (0x00000000d5dd2ba0) thrown at [C:\re\workspace\8-2-build-windows-amd64-cygwin\jdk8u101\7261\hotspot\src\share\vm\runtime\sharedRuntime.cpp, line 605]
Event: 652.560 Thread 0x000000001aeaf000 Implicit null exception at 0x000000000314d68c to 0x000000000314e824
Event: 652.560 Thread 0x000000001aeaf000 Exception <a 'java/lang/NullPointerException'> (0x00000000d63a71c8) thrown at [C:\re\workspace\8-2-build-windows-amd64-cygwin\jdk8u101\7261\hotspot\src\share\vm\runtime\sharedRuntime.cpp, line 605]

Events (10 events):
Event: 842.818 Executing VM operation: RevokeBias done
Event: 880.813 Thread 0x00000000176ff800 flushing nmethod 0x0000000002eaa6d0
Event: 880.815 Thread 0x00000000176ff800 flushing nmethod 0x0000000002ed9c90
Event: 880.815 Thread 0x00000000176ff800 flushing nmethod 0x0000000002eda590
Event: 927.459 Thread 0x00000000176ff800 flushing nmethod 0x00000000034c4410
Event: 932.643 Thread 0x000000001aea9800 Uncommon trap: trap_request=0xffffff65 fr.pc=0x00000000039d3c04
Event: 932.643 Thread 0x000000001aea9800 DEOPT PACKING pc=0x00000000039d3c04 sp=0x000000001edef230
Event: 932.643 Thread 0x000000001aea9800 DEOPT UNPACKING pc=0x0000000002c1582a sp=0x000000001edeef80 mode 2
Event: 991.411 Thread 0x000000001aea9800 DEOPT PACKING pc=0x0000000003482bd1 sp=0x000000001edeeef0
Event: 991.411 Thread 0x000000001aea9800 DEOPT UNPACKING pc=0x0000000002c1787f sp=0x000000001edeec80 mode 0


Dynamic libraries:
0x000000013f670000 - 0x000000013f6a7000 	C:\Program Files\Java\jre1.8.0_101\bin\javaw.exe
0x0000000077c80000 - 0x0000000077e2a000 	C:\Windows\SYSTEM32\ntdll.dll
0x0000000077a60000 - 0x0000000077b7f000 	C:\Windows\system32\kernel32.dll
0x000007fefdc90000 - 0x000007fefdcfa000 	C:\Windows\system32\KERNELBASE.dll
0x0000000075660000 - 0x00000000756ee000 	C:\Windows\System32\SYSFER.DLL
0x000007feff8f0000 - 0x000007feff9cb000 	C:\Windows\system32\ADVAPI32.dll
0x000007feff0a0000 - 0x000007feff13f000 	C:\Windows\system32\msvcrt.dll
0x000007fefdd30000 - 0x000007fefdd4f000 	C:\Windows\SYSTEM32\sechost.dll
0x000007feff1b0000 - 0x000007feff2dd000 	C:\Windows\system32\RPCRT4.dll
0x000000005e740000 - 0x000000005ea92000 	C:\ProgramData\Symantec\Symantec Endpoint Protection\14.0.2415.0200.105\Data\Definitions\IPSDefs\20180327.061\IPSEng64.dll
0x0000000077e50000 - 0x0000000077e57000 	C:\Windows\system32\PSAPI.DLL
0x0000000077b80000 - 0x0000000077c7a000 	C:\Windows\system32\USER32.dll
0x000007feff140000 - 0x000007feff1a7000 	C:\Windows\system32\GDI32.dll
0x000007fefef20000 - 0x000007fefef2e000 	C:\Windows\system32\LPK.dll
0x000007fefee50000 - 0x000007fefef1b000 	C:\Windows\system32\USP10.dll
0x000007fefc160000 - 0x000007fefc354000 	C:\Windows\WinSxS\amd64_microsoft.windows.common-controls_6595b64144ccf1df_6.0.7601.18837_none_fa3b1e3d17594757\COMCTL32.dll
0x000007fefef80000 - 0x000007fefeff1000 	C:\Windows\system32\SHLWAPI.dll
0x000007fefae30000 - 0x000007fefae33000 	C:\Windows\system32\api-ms-win-core-synch-l1-2-0.DLL
0x000007feffd30000 - 0x000007feffd5e000 	C:\Windows\system32\IMM32.DLL
0x000007fefdf50000 - 0x000007fefe059000 	C:\Windows\system32\MSCTF.dll
0x000007fefd8b0000 - 0x000007fefd8d5000 	C:\Windows\system32\vmwsci.dll
0x0000000068000000 - 0x000000006805a000 	C:\Windows\system32\QIPCAP64.DLL
0x000007feffc50000 - 0x000007feffd2a000 	C:\Windows\system32\OLEAUT32.dll
0x000007fefdd50000 - 0x000007fefdf4c000 	C:\Windows\system32\ole32.dll
0x000000006bf20000 - 0x000000006bff2000 	C:\Program Files\Java\jre1.8.0_101\bin\msvcr100.dll
0x00000000527f0000 - 0x000000005308a000 	C:\Program Files\Java\jre1.8.0_101\bin\server\jvm.dll
0x000007fef9760000 - 0x000007fef9769000 	C:\Windows\system32\WSOCK32.dll
0x0000000002130000 - 0x000000000217d000 	C:\Windows\system32\WS2_32.dll
0x000007feff2e0000 - 0x000007feff2e8000 	C:\Windows\system32\NSI.dll
0x000007fefb6c0000 - 0x000007fefb6fb000 	C:\Windows\system32\WINMM.dll
0x000007fefcbf0000 - 0x000007fefcbfc000 	C:\Windows\system32\VERSION.dll
0x0000000074050000 - 0x000000007405f000 	C:\Program Files\Java\jre1.8.0_101\bin\verify.dll
0x0000000073e30000 - 0x0000000073e59000 	C:\Program Files\Java\jre1.8.0_101\bin\java.dll
0x0000000073e10000 - 0x0000000073e26000 	C:\Program Files\Java\jre1.8.0_101\bin\zip.dll
0x000007fefe0c0000 - 0x000007fefee4a000 	C:\Windows\system32\SHELL32.dll
0x000007fefd970000 - 0x000007fefd97f000 	C:\Windows\system32\profapi.dll
0x0000000072390000 - 0x000000007239d000 	C:\Program Files\Java\jre1.8.0_101\bin\management.dll
0x0000000073a00000 - 0x0000000073a1a000 	C:\Program Files\Java\jre1.8.0_101\bin\net.dll
0x000007fefd0d0000 - 0x000007fefd125000 	C:\Windows\system32\mswsock.dll
0x000007fefd0c0000 - 0x000007fefd0c7000 	C:\Windows\System32\wship6.dll
0x000007fefb510000 - 0x000007fefb525000 	C:\Windows\system32\NLAapi.dll
0x000007fef8c70000 - 0x000007fef8c85000 	C:\Windows\system32\napinsp.dll
0x000007fef8c90000 - 0x000007fef8ca9000 	C:\Windows\system32\pnrpnsp.dll
0x000007fefcf50000 - 0x000007fefcfab000 	C:\Windows\system32\DNSAPI.dll
0x000007fef8c60000 - 0x000007fef8c6b000 	C:\Windows\System32\winrnr.dll
0x000007fefc800000 - 0x000007fefc807000 	C:\Windows\System32\wshtcpip.dll
0x000007fefb560000 - 0x000007fefb587000 	C:\Windows\system32\IPHLPAPI.DLL
0x000007fefb530000 - 0x000007fefb53b000 	C:\Windows\system32\WINNSI.DLL
0x000007fef93e0000 - 0x000007fef93e8000 	C:\Windows\system32\rasadhlp.dll
0x000007fef9b50000 - 0x000007fef9ba3000 	C:\Windows\System32\fwpuclnt.dll
0x0000000073af0000 - 0x0000000073b01000 	C:\Program Files\Java\jre1.8.0_101\bin\nio.dll
0x000007fefd130000 - 0x000007fefd148000 	C:\Windows\system32\CRYPTSP.dll
0x000007fefce30000 - 0x000007fefce77000 	C:\Windows\system32\rsaenh.dll
0x000007fefdc50000 - 0x000007fefdc6e000 	C:\Windows\system32\USERENV.dll
0x000007fefd7a0000 - 0x000007fefd7af000 	C:\Windows\system32\CRYPTBASE.dll
0x000007fefb2c0000 - 0x000007fefb2d1000 	C:\Windows\system32\dhcpcsvc6.DLL
0x000007fefb2a0000 - 0x000007fefb2b8000 	C:\Windows\system32\dhcpcsvc.DLL

VM Arguments:
jvm_args: -Dfile.encoding=UTF-8 
java_command: microservice.book.examples.DemoApplication
java_class_path (initial): C:\Users\z1146\workspace-sts-3.8.1.RELEASE\microservices.book\target\classes;C:\Users\z1146\.m2\repository2017041201\org\springframework\boot\spring-boot-starter-web\2.0.0.RELEASE\spring-boot-starter-web-2.0.0.RELEASE.jar;C:\Users\z1146\.m2\repository2017041201\org\springframework\boot\spring-boot-starter\2.0.0.RELEASE\spring-boot-starter-2.0.0.RELEASE.jar;C:\Users\z1146\.m2\repository2017041201\org\springframework\boot\spring-boot\2.0.0.RELEASE\spring-boot-2.0.0.RELEASE.jar;C:\Users\z1146\.m2\repository2017041201\org\springframework\boot\spring-boot-autoconfigure\2.0.0.RELEASE\spring-boot-autoconfigure-2.0.0.RELEASE.jar;C:\Users\z1146\.m2\repository2017041201\org\springframework\boot\spring-boot-starter-logging\2.0.0.RELEASE\spring-boot-starter-logging-2.0.0.RELEASE.jar;C:\Users\z1146\.m2\repository2017041201\ch\qos\logback\logback-classic\1.2.3\logback-classic-1.2.3.jar;C:\Users\z1146\.m2\repository2017041201\ch\qos\logback\logback-core\1.2.3\logback-core-1.2.3.jar;C:\Users\z1146\.m2\repository2017041201\org\apache\logging\log4j\log4j-to-slf4j\2.10.0\log4j-to-slf4j-2.10.0.jar;C:\Users\z1146\.m2\repository2017041201\org\apache\logging\log4j\log4j-api\2.10.0\log4j-api-2.10.0.jar;C:\Users\z1146\.m2\repository2017041201\org\slf4j\jul-to-slf4j\1.7.25\jul-to-slf4j-1.7.25.jar;C:\Users\z1146\.m2\repository2017041201\javax\annotation\javax.annotation-api\1.3.2\javax.annotation-api-1.3.2.jar;C:\Users\z1146\.m2\repository2017041201\org\yaml\snakeyaml\1.19\snakeyaml-1.19.jar;C:\Users\z1146\.m2\repository2017041201\org\springframework\boot\spring-boot-starter-json\2.0.0.RELEASE\spring-boot-starter-json-2.0.0.RELEASE.jar;C:\Users\z1146\.m2\repository2017041201\com\fasterxml\jackson\core\jackson-databind\2.9.4\jackson-databind-2.9.4.jar;C:\Users\z1146\.m2\repository2017041201\com\fasterxml\jackson\core\jackson-annotations\2.9.0\jackson-annotations-2.9.0.jar;C:\Users\z1146\.m2\repository2017041201\com\fasterxml\jackson\core\jackson-core\2.9.4\jackson-
Launcher Type: SUN_STANDARD

Environment Variables:
JAVA_HOME=C:\Program Files\Java\jdk1.8.0_101
PATH=C:/Program Files/Java/jre1.8.0_101/bin/server;C:/Program Files/Java/jre1.8.0_101/bin;C:/Program Files/Java/jre1.8.0_101/lib/amd64;C:\ProgramData\Oracle\Java\javapath;C:\Windows\system32;C:\Windows;C:\Windows\System32\Wbem;C:\Windows\System32\WindowsPowerShell\v1.0\;C:\Program Files (x86)\Enterprise Vault\EVClient\x64\;C:\Program Files (x86)\Sennheiser\SoftphoneSDK\;C:\Program Files\Java\jdk1.8.0_101\bin;C:\madhvi\software\apache-maven-3.3.9-bin\apache-maven-3.3.9\bin;C:\Program Files\Git\cmd;C:\Program Files\nodejs\;C:\Program Files (x86)\Microsoft SQL Server\Client SDK\ODBC\110\Tools\Binn\;C:\Program Files (x86)\Microsoft SQL Server\120\Tools\Binn\ManagementStudio\;C:\Program Files (x86)\Microsoft SQL Server\120\Tools\Binn\;C:\Program Files (x86)\Microsoft SQL Server\120\DTS\Binn\;C:\Program Files\MongoDB\Server\3.2\bin;C:\Users\z1146\madhvi\software\zookeeper-3.4.9.tar\zookeeper-3.4.9\bin;C:\Program Files\Microsoft\Web Platform Installer\;C:\Program Files (x86)\Microsoft ASP.NET\ASP.NET Web Pages\v1.0\;C:\Program Files (x86)\Windows Kits\8.0\Windows Performance Toolkit\;C:\Program Files\Microsoft SQL Server\110\Tools\Binn\;C:\Users\z1146\madhvi\software\apktool.bat;C:\Users\z1146\madhvi\software\apktool_2.3.1.jar;C:\Users\z1146\AppData\Roaming\npm;C:\Users\z1146\madhvi\software\sts\sts-bundle\sts-3.8.2.RELEASE;
USERNAME=z1146
OS=Windows_NT
PROCESSOR_IDENTIFIER=Intel64 Family 6 Model 62 Stepping 4, GenuineIntel



---------------  S Y S T E M  ---------------

OS: Windows 7 , 64 bit Build 7601 (6.1.7601.23915)

CPU:total 2 (2 cores per cpu, 1 threads per core) family 6 model 62 stepping 4, cmov, cx8, fxsr, mmx, sse, sse2, sse3, ssse3, sse4.1, sse4.2, popcnt, avx, aes, clmul, erms, tsc, tscinvbit

Memory: 4k page, physical 8388084k(274212k free), swap 15042224k(4864k free)

vm_info: Java HotSpot(TM) 64-Bit Server VM (25.101-b13) for windows-amd64 JRE (1.8.0_101-b13), built on Jun 22 2016 01:21:29 by "java_re" with MS VC++ 10.0 (VS2010)

time: Thu Mar 29 17:45:44 2018
elapsed time: 1120 seconds (0d 0h 18m 40s)

